2018-09-23 15:19:36 查询到用户：1

2018-09-23 15:19:40 查询到用户：2

2018-09-23 15:19:45 查询的用户4不存在!

2018-09-23 15:20:43 账户已存在，添加失败!

2018-09-23 15:20:44 账户已存在，添加失败!

2018-09-23 15:21:19 账户已存在，添加失败!

2018-09-23 15:46:25 查询用户1不存在!

2018-09-23 15:46:26 查询用户2不存在!

2018-09-23 15:46:28 查询用户3不存在!

2018-09-23 16:08:26 注销用户5成功!

2018-09-23 16:10:47 添加账户5

2018-09-23 16:11:46 注销用户5成功!

2018-09-23 16:13:25 添加账户5
2018-09-23 16:13:46 注销用户5成功!
2018-09-23 16:16:13 添加账户5
2018-09-23 16:16:42 注销用户5成功!
2018-09-23 16:16:42 注销用户5的日志成功!
2018-09-23 16:24:04 添加账户5
2018-09-23 16:24:19 注销用户5成功!
2018-09-23 16:24:19 注销用户5的日志成功!
2018-09-24 15:10:43 查询用户：1
2018-09-24 15:10:45 查询用户：2
2018-09-24 15:11:40 查询用户：1
2018-09-24 16:15:29 用户1向2转账1000!
2018-09-24 16:18:32 用户1向用户2转账3000!
2018-09-24 16:27:59 用户1向用户2转账1000!
2018-09-24 16:28:41 用户1向用户2转账1000!
2018-09-24 16:29:59 用户1向用户2转账1000!
2018-09-24 16:31:06 用户1向用户2转账1000!
2018-09-24 16:32:59 用户1向用户2转账1000!
2018-09-24 16:34:40 用户1向用户2转账1000!
2018-09-24 16:36:37 用户1向用户2转账1000!
2018-09-24 16:42:52 1信用额度不够，向2转账失败!
2018-09-24 17:34:55 查询用户：2
2018-09-24 17:34:57 查询用户：3
2018-09-26 12:14:33 用户1提现1000!
2018-09-26 12:14:51 用户1提现1000!
2018-09-27 12:12:04 解冻用户1成功!
2018-09-27 12:33:35 用户aaa还款10000成功!
2018-09-27 12:35:28 用户aaa还款10000成功!
2018-09-27 22:54:57 查询用户1不存在!
2018-09-27 22:57:54 注销用户1成功!
2018-09-27 22:57:54 注销用户1的日志成功!
2018-09-27 23:07:37 用户2向用户3转账100!
2018-09-27 23:16:08 打印用户2的账单2000-03-03 12:00:00到2111-09-09 12:00:00
2018-09-27 23:34:43 查询用户1不存在!
2018-09-27 23:34:44 查询用户：2
